2022-11-22 23:33:07,437 INFO n = 7
2022-11-22 23:33:07,437 INFO suitable
2022-11-22 23:33:08,786 INFO k = 3
2022-11-22 23:33:08,786 INFO hidden_num = 5
2022-11-22 23:33:35,981 INFO input num = 4
2022-11-22 23:33:35,981 INFO suitable
2022-11-22 23:33:35,981 INFO the number isn't guessed
2022-11-22 23:33:38,742 INFO input num = 6
2022-11-22 23:33:38,743 INFO suitable
2022-11-22 23:33:38,743 INFO the number isn't guessed
2022-11-22 23:33:42,902 INFO input num = 5
2022-11-22 23:33:42,903 INFO suitable
2022-11-22 23:33:42,903 INFO the number is guessed
2022-11-22 23:33:57,546 INFO n = 10
2022-11-22 23:33:57,546 INFO suitable
2022-11-22 23:33:59,535 INFO k = 5
2022-11-22 23:33:59,536 INFO hidden_num = 6
2022-11-22 23:34:02,395 INFO input num = 5
2022-11-22 23:34:02,402 INFO suitable
2022-11-22 23:34:02,402 INFO the number isn't guessed
2022-11-22 23:34:09,025 INFO input num = 7
2022-11-22 23:34:09,025 INFO suitable
2022-11-22 23:34:09,025 INFO the number isn't guessed
2022-11-22 23:34:11,664 INFO input num = 6
2022-11-22 23:34:11,664 INFO suitable
2022-11-22 23:34:11,664 INFO the number is guessed
